<?xml version="1.0" encoding="UTF-8"?>
<testng-results skipped="0" failed="0" total="6" passed="6">
  <reporter-output>
  </reporter-output>
  <suite name="Default suite" duration-ms="19239" started-at="2014-11-03T12:29:34Z" finished-at="2014-11-03T12:29:53Z">
    <groups>
    </groups>
    <test name="Default test" duration-ms="19239" started-at="2014-11-03T12:29:34Z" finished-at="2014-11-03T12:29:53Z">
      <class name="com.example.tests.GroupRemovalTests">
        <test-method status="PASS" signature="deleteSomeGroup()[pri:0, instance:com.example.tests.GroupRemovalTests@5183ee27]" name="deleteSomeGroup" duration-ms="1114" started-at="2014-11-03T16:29:45Z" finished-at="2014-11-03T16:29:46Z">
          <reporter-output>
          </reporter-output>
        </test-method> <!-- deleteSomeGroup -->
      </class> <!-- com.example.tests.GroupRemovalTests -->
      <class name="com.example.tests.GroupCreationTests">
        <test-method status="PASS" signature="testEmptyGroupCreation()[pri:0, instance:com.example.tests.GroupCreationTests@6cc84a44]" name="testEmptyGroupCreation" duration-ms="1376" started-at="2014-11-03T16:29:42Z" finished-at="2014-11-03T16:29:44Z">
          <reporter-output>
          </reporter-output>
        </test-method> <!-- testEmptyGroupCreation -->
        <test-method status="PASS" signature="testNonEmptyGroupCreation()[pri:0, instance:com.example.tests.GroupCreationTests@6cc84a44]" name="testNonEmptyGroupCreation" duration-ms="1672" started-at="2014-11-03T16:29:44Z" finished-at="2014-11-03T16:29:45Z">
          <reporter-output>
          </reporter-output>
        </test-method> <!-- testNonEmptyGroupCreation -->
      </class> <!-- com.example.tests.GroupCreationTests -->
      <class name="com.example.tests.ContactCreationTests">
        <test-method status="PASS" signature="setUp()[pri:0, instance:com.example.tests.ContactCreationTests@98e4cc7]" name="setUp" is-config="true" duration-ms="5238" started-at="2014-11-03T16:29:34Z" finished-at="2014-11-03T16:29:39Z">
          <reporter-output>
          </reporter-output>
        </test-method> <!-- setUp -->
        <test-method status="PASS" signature="testEmptyContactCreation()[pri:0, instance:com.example.tests.ContactCreationTests@98e4cc7]" name="testEmptyContactCreation" duration-ms="1616" started-at="2014-11-03T16:29:46Z" finished-at="2014-11-03T16:29:48Z">
          <reporter-output>
          </reporter-output>
        </test-method> <!-- testEmptyContactCreation -->
        <test-method status="PASS" signature="testNonEmptyContactCreation()[pri:0, instance:com.example.tests.ContactCreationTests@98e4cc7]" name="testNonEmptyContactCreation" duration-ms="5141" started-at="2014-11-03T16:29:48Z" finished-at="2014-11-03T16:29:53Z">
          <reporter-output>
          </reporter-output>
        </test-method> <!-- testNonEmptyContactCreation -->
        <test-method status="PASS" signature="tearDown()[pri:0, instance:com.example.tests.ContactCreationTests@98e4cc7]" name="tearDown" is-config="true" duration-ms="177" started-at="2014-11-03T16:29:53Z" finished-at="2014-11-03T16:29:53Z">
          <reporter-output>
          </reporter-output>
        </test-method> <!-- tearDown -->
      </class> <!-- com.example.tests.ContactCreationTests -->
      <class name="com.example.tests.GroupModificationTests">
        <test-method status="PASS" signature="modificationSomeGroup()[pri:0, instance:com.example.tests.GroupModificationTests@2011bdde]" name="modificationSomeGroup" duration-ms="2890" started-at="2014-11-03T16:29:39Z" finished-at="2014-11-03T16:29:42Z">
          <reporter-output>
          </reporter-output>
        </test-method> <!-- modificationSomeGroup -->
      </class> <!-- com.example.tests.GroupModificationTests -->
    </test> <!-- Default test -->
  </suite> <!-- Default suite -->
</testng-results>
