<?xml version="1.0" encoding="UTF-8"?>
<testng-results skipped="0" failed="0" total="4" passed="4">
  <reporter-output>
  </reporter-output>
  <suite name="Default suite" duration-ms="19216" started-at="2014-10-26T22:27:41Z" finished-at="2014-10-26T22:28:01Z">
    <groups>
    </groups>
    <test name="Default test" duration-ms="19216" started-at="2014-10-26T22:27:41Z" finished-at="2014-10-26T22:28:01Z">
      <class name="com.example.tests.GroupCreationTests">
        <test-method status="PASS" signature="testEmptyGroupCreation()[pri:0, instance:com.example.tests.GroupCreationTests@60b25809]" name="testEmptyGroupCreation" duration-ms="2414" started-at="2014-10-27T02:27:49Z" finished-at="2014-10-27T02:27:51Z">
          <reporter-output>
          </reporter-output>
        </test-method> <!-- testEmptyGroupCreation -->
        <test-method status="PASS" signature="testNonEmptyGroupCreation()[pri:0, instance:com.example.tests.GroupCreationTests@60b25809]" name="testNonEmptyGroupCreation" duration-ms="2614" started-at="2014-10-27T02:27:51Z" finished-at="2014-10-27T02:27:54Z">
          <reporter-output>
          </reporter-output>
        </test-method> <!-- testNonEmptyGroupCreation -->
      </class> <!-- com.example.tests.GroupCreationTests -->
      <class name="com.example.tests.TestBase">
        <test-method status="PASS" signature="setUp()[pri:0, instance:com.example.tests.TestBase@15e6356d]" name="setUp" is-config="true" duration-ms="7373" started-at="2014-10-27T02:27:41Z" finished-at="2014-10-27T02:27:49Z">
          <reporter-output>
          </reporter-output>
        </test-method> <!-- setUp -->
        <test-method status="PASS" signature="tearDown()[pri:0, instance:com.example.tests.TestBase@15e6356d]" name="tearDown" is-config="true" duration-ms="168" started-at="2014-10-27T02:28:01Z" finished-at="2014-10-27T02:28:01Z">
          <reporter-output>
          </reporter-output>
        </test-method> <!-- tearDown -->
      </class> <!-- com.example.tests.TestBase -->
      <class name="com.example.tests.ContactCreationTests">
        <test-method status="PASS" signature="testEmptyContactCreation()[pri:0, instance:com.example.tests.ContactCreationTests@61d22f35]" name="testEmptyContactCreation" duration-ms="1516" started-at="2014-10-27T02:27:54Z" finished-at="2014-10-27T02:27:55Z">
          <reporter-output>
          </reporter-output>
        </test-method> <!-- testEmptyContactCreation -->
        <test-method status="PASS" signature="testNonEmptyContactCreation()[pri:0, instance:com.example.tests.ContactCreationTests@61d22f35]" name="testNonEmptyContactCreation" duration-ms="5118" started-at="2014-10-27T02:27:55Z" finished-at="2014-10-27T02:28:01Z">
          <reporter-output>
          </reporter-output>
        </test-method> <!-- testNonEmptyContactCreation -->
      </class> <!-- com.example.tests.ContactCreationTests -->
    </test> <!-- Default test -->
  </suite> <!-- Default suite -->
</testng-results>
