<?xml version="1.0" encoding="UTF-8"?>
<testng-results skipped="0" failed="0" total="15" passed="15">
  <reporter-output>
  </reporter-output>
  <suite name="Default suite" duration-ms="60692" started-at="2014-11-16T23:51:19Z" finished-at="2014-11-16T23:52:20Z">
    <groups>
    </groups>
    <test name="Default test" duration-ms="60692" started-at="2014-11-16T23:51:19Z" finished-at="2014-11-16T23:52:20Z">
      <class name="com.example.tests.ContactRemovalTests">
        <test-method status="PASS" signature="deleteSomeContact()[pri:0, instance:com.example.tests.ContactRemovalTests@71e7a66b]" name="deleteSomeContact" duration-ms="2923" started-at="2014-11-17T03:51:24Z" finished-at="2014-11-17T03:51:27Z">
          <reporter-output>
          </reporter-output>
        </test-method> <!-- deleteSomeContact -->
      </class> <!-- com.example.tests.ContactRemovalTests -->
      <class name="com.example.tests.GroupModificationTests">
        <test-method status="PASS" signature="setUp()[pri:0, instance:com.example.tests.GroupModificationTests@2be94b0f]" name="setUp" is-config="true" duration-ms="5352" started-at="2014-11-17T03:51:19Z" finished-at="2014-11-17T03:51:24Z">
          <reporter-output>
          </reporter-output>
        </test-method> <!-- setUp -->
        <test-method status="PASS" signature="modificationSomeGroup(com.example.tests.GroupData)[pri:0, instance:com.example.tests.GroupModificationTests@2be94b0f]" name="modificationSomeGroup" duration-ms="3372" started-at="2014-11-17T03:51:27Z" data-provider="randomValidGroupsGeneration" finished-at="2014-11-17T03:51:31Z">
          <params>
            <param index="0">
              <value>
                <![CDATA[GroupData [name=, header=test-1607036917, footer=test965158461]]]>
              </value>
            </param>
          </params>
          <reporter-output>
          </reporter-output>
        </test-method> <!-- modificationSomeGroup -->
        <test-method status="PASS" signature="modificationSomeGroup(com.example.tests.GroupData)[pri:0, instance:com.example.tests.GroupModificationTests@2be94b0f]" name="modificationSomeGroup" duration-ms="3852" started-at="2014-11-17T03:51:31Z" data-provider="randomValidGroupsGeneration" finished-at="2014-11-17T03:51:34Z">
          <params>
            <param index="0">
              <value>
                <![CDATA[GroupData [name=test469526083, header=test673314302, footer=test8815440]]]>
              </value>
            </param>
          </params>
          <reporter-output>
          </reporter-output>
        </test-method> <!-- modificationSomeGroup -->
        <test-method status="PASS" signature="modificationSomeGroup(com.example.tests.GroupData)[pri:0, instance:com.example.tests.GroupModificationTests@2be94b0f]" name="modificationSomeGroup" duration-ms="3555" started-at="2014-11-17T03:51:34Z" data-provider="randomValidGroupsGeneration" finished-at="2014-11-17T03:51:38Z">
          <params>
            <param index="0">
              <value>
                <![CDATA[GroupData [name=test322202316, header=test-1001822266, footer=test-388698764]]]>
              </value>
            </param>
          </params>
          <reporter-output>
          </reporter-output>
        </test-method> <!-- modificationSomeGroup -->
        <test-method status="PASS" signature="modificationSomeGroup(com.example.tests.GroupData)[pri:0, instance:com.example.tests.GroupModificationTests@2be94b0f]" name="modificationSomeGroup" duration-ms="3409" started-at="2014-11-17T03:51:38Z" data-provider="randomValidGroupsGeneration" finished-at="2014-11-17T03:51:41Z">
          <params>
            <param index="0">
              <value>
                <![CDATA[GroupData [name=test-351821860, header=test498982633, footer=]]]>
              </value>
            </param>
          </params>
          <reporter-output>
          </reporter-output>
        </test-method> <!-- modificationSomeGroup -->
        <test-method status="PASS" signature="modificationSomeGroup(com.example.tests.GroupData)[pri:0, instance:com.example.tests.GroupModificationTests@2be94b0f]" name="modificationSomeGroup" duration-ms="3438" started-at="2014-11-17T03:51:41Z" data-provider="randomValidGroupsGeneration" finished-at="2014-11-17T03:51:45Z">
          <params>
            <param index="0">
              <value>
                <![CDATA[GroupData [name=test-1593638505, header=, footer=test1624989684]]]>
              </value>
            </param>
          </params>
          <reporter-output>
          </reporter-output>
        </test-method> <!-- modificationSomeGroup -->
        <test-method status="PASS" signature="tearDown()[pri:0, instance:com.example.tests.GroupModificationTests@2be94b0f]" name="tearDown" is-config="true" duration-ms="176" started-at="2014-11-17T03:52:19Z" finished-at="2014-11-17T03:52:20Z">
          <reporter-output>
          </reporter-output>
        </test-method> <!-- tearDown -->
      </class> <!-- com.example.tests.GroupModificationTests -->
      <class name="com.example.tests.ContactCreationTests">
        <test-method status="PASS" signature="testEmptyContactCreation()[pri:0, instance:com.example.tests.ContactCreationTests@50cbc42f]" name="testEmptyContactCreation" duration-ms="4169" started-at="2014-11-17T03:52:05Z" finished-at="2014-11-17T03:52:09Z">
          <reporter-output>
          </reporter-output>
        </test-method> <!-- testEmptyContactCreation -->
        <test-method status="PASS" signature="testNonEmptyContactCreation()[pri:0, instance:com.example.tests.ContactCreationTests@50cbc42f]" name="testNonEmptyContactCreation" duration-ms="7456" started-at="2014-11-17T03:52:09Z" finished-at="2014-11-17T03:52:16Z">
          <reporter-output>
          </reporter-output>
        </test-method> <!-- testNonEmptyContactCreation -->
      </class> <!-- com.example.tests.ContactCreationTests -->
      <class name="com.example.tests.GroupCreationTests">
        <test-method status="PASS" signature="testGroupCreationwithValidData(com.example.tests.GroupData)[pri:0, instance:com.example.tests.GroupCreationTests@5f150435]" name="testGroupCreationwithValidData" duration-ms="3310" started-at="2014-11-17T03:51:45Z" data-provider="randomValidGroupsGeneration" finished-at="2014-11-17T03:51:48Z">
          <params>
            <param index="0">
              <value>
                <![CDATA[GroupData [name=test-838113270, header=, footer=test2127311178]]]>
              </value>
            </param>
          </params>
          <reporter-output>
          </reporter-output>
        </test-method> <!-- testGroupCreationwithValidData -->
        <test-method status="PASS" signature="testGroupCreationwithValidData(com.example.tests.GroupData)[pri:0, instance:com.example.tests.GroupCreationTests@5f150435]" name="testGroupCreationwithValidData" duration-ms="3219" started-at="2014-11-17T03:51:48Z" data-provider="randomValidGroupsGeneration" finished-at="2014-11-17T03:51:51Z">
          <params>
            <param index="0">
              <value>
                <![CDATA[GroupData [name=, header=test-573576987, footer=test-2080290775]]]>
              </value>
            </param>
          </params>
          <reporter-output>
          </reporter-output>
        </test-method> <!-- testGroupCreationwithValidData -->
        <test-method status="PASS" signature="testGroupCreationwithValidData(com.example.tests.GroupData)[pri:0, instance:com.example.tests.GroupCreationTests@5f150435]" name="testGroupCreationwithValidData" duration-ms="3381" started-at="2014-11-17T03:51:51Z" data-provider="randomValidGroupsGeneration" finished-at="2014-11-17T03:51:55Z">
          <params>
            <param index="0">
              <value>
                <![CDATA[GroupData [name=test-689952119, header=test141250742, footer=test1480831197]]]>
              </value>
            </param>
          </params>
          <reporter-output>
          </reporter-output>
        </test-method> <!-- testGroupCreationwithValidData -->
        <test-method status="PASS" signature="testGroupCreationwithValidData(com.example.tests.GroupData)[pri:0, instance:com.example.tests.GroupCreationTests@5f150435]" name="testGroupCreationwithValidData" duration-ms="3613" started-at="2014-11-17T03:51:55Z" data-provider="randomValidGroupsGeneration" finished-at="2014-11-17T03:51:58Z">
          <params>
            <param index="0">
              <value>
                <![CDATA[GroupData [name=test-944093663, header=test1647891114, footer=test-1327434403]]]>
              </value>
            </param>
          </params>
          <reporter-output>
          </reporter-output>
        </test-method> <!-- testGroupCreationwithValidData -->
        <test-method status="PASS" signature="testGroupCreationwithValidData(com.example.tests.GroupData)[pri:0, instance:com.example.tests.GroupCreationTests@5f150435]" name="testGroupCreationwithValidData" duration-ms="3258" started-at="2014-11-17T03:51:58Z" data-provider="randomValidGroupsGeneration" finished-at="2014-11-17T03:52:02Z">
          <params>
            <param index="0">
              <value>
                <![CDATA[GroupData [name=test-867485846, header=test2012375158, footer=]]]>
              </value>
            </param>
          </params>
          <reporter-output>
          </reporter-output>
        </test-method> <!-- testGroupCreationwithValidData -->
      </class> <!-- com.example.tests.GroupCreationTests -->
      <class name="com.example.tests.GroupRemovalTests">
        <test-method status="PASS" signature="deleteSomeGroup()[pri:0, instance:com.example.tests.GroupRemovalTests@2ac1fdc4]" name="deleteSomeGroup" duration-ms="3034" started-at="2014-11-17T03:52:02Z" finished-at="2014-11-17T03:52:05Z">
          <reporter-output>
          </reporter-output>
        </test-method> <!-- deleteSomeGroup -->
      </class> <!-- com.example.tests.GroupRemovalTests -->
      <class name="com.example.tests.ContactModificationTests">
        <test-method status="PASS" signature="modificationSomeContact()[pri:0, instance:com.example.tests.ContactModificationTests@c39f790]" name="modificationSomeContact" duration-ms="3158" started-at="2014-11-17T03:52:16Z" finished-at="2014-11-17T03:52:19Z">
          <reporter-output>
          </reporter-output>
        </test-method> <!-- modificationSomeContact -->
      </class> <!-- com.example.tests.ContactModificationTests -->
    </test> <!-- Default test -->
  </suite> <!-- Default suite -->
</testng-results>
