<?xml version="1.0" encoding="UTF-8"?>
<!-- Generated by org.testng.reporters.JUnitXMLReporter -->
<testsuite hostname="alex-pc" name="Default test" tests="4" failures="0" timestamp="26 Oct 2014 22:28:01 GMT" time="19.216" errors="0">
  <testcase name="testEmptyGroupCreation" time="2.414" classname="com.example.tests.GroupCreationTests"/>
  <testcase name="testNonEmptyGroupCreation" time="2.614" classname="com.example.tests.GroupCreationTests"/>
  <testcase name="testEmptyContactCreation" time="1.516" classname="com.example.tests.ContactCreationTests"/>
  <testcase name="testNonEmptyContactCreation" time="5.118" classname="com.example.tests.ContactCreationTests"/>
</testsuite> <!-- Default test -->
