<?xml version="1.0" encoding="UTF-8"?>
<!-- Generated by org.testng.reporters.JUnitXMLReporter -->
<testsuite hostname="alex-pc" name="Default test" tests="15" failures="0" timestamp="8 Nov 2014 19:00:58 GMT" time="43.221" errors="0">
  <testcase name="deleteSomeContact" time="1.839" classname="com.example.tests.ContactRemovalTests"/>
  <testcase name="modificationSomeGroup" time="2.289" classname="com.example.tests.GroupModificationTests"/>
  <testcase name="modificationSomeGroup" time="3.252" classname="com.example.tests.GroupModificationTests"/>
  <testcase name="modificationSomeGroup" time="2.354" classname="com.example.tests.GroupModificationTests"/>
  <testcase name="modificationSomeGroup" time="2.327" classname="com.example.tests.GroupModificationTests"/>
  <testcase name="modificationSomeGroup" time="2.496" classname="com.example.tests.GroupModificationTests"/>
  <testcase name="testGroupCreationwithValidData" time="2.207" classname="com.example.tests.GroupCreationTests"/>
  <testcase name="testGroupCreationwithValidData" time="2.601" classname="com.example.tests.GroupCreationTests"/>
  <testcase name="testGroupCreationwithValidData" time="2.605" classname="com.example.tests.GroupCreationTests"/>
  <testcase name="testGroupCreationwithValidData" time="2.262" classname="com.example.tests.GroupCreationTests"/>
  <testcase name="testGroupCreationwithValidData" time="2.607" classname="com.example.tests.GroupCreationTests"/>
  <testcase name="deleteSomeGroup" time="1.851" classname="com.example.tests.GroupRemovalTests"/>
  <testcase name="testEmptyContactCreation" time="1.582" classname="com.example.tests.ContactCreationTests"/>
  <testcase name="testNonEmptyContactCreation" time="5.293" classname="com.example.tests.ContactCreationTests"/>
  <testcase name="modificationSomeContact" time="1.236" classname="com.example.tests.ContactModificationTests"/>
</testsuite> <!-- Default test -->
